<?xml version="1.0" encoding="utf-8"?><testsuites name="pytest tests"><testsuite name="pytest" errors="0" failures="0" skipped="0" tests="5" time="0.852" timestamp="2026-05-04T09:20:11.671870+00:00" hostname="agent-env-2dba69d4-5db0-4a66-b7e6-b47ca060ecf0"><testcase classname="backend.tests.test_contact_api.TestContactAPI" name="test_root" time="0.179" /><testcase classname="backend.tests.test_contact_api.TestContactAPI" name="test_contact_submission_success" time="0.114" /><testcase classname="backend.tests.test_contact_api.TestContactAPI" name="test_contact_submission_no_message" time="0.099" /><testcase classname="backend.tests.test_contact_api.TestContactAPI" name="test_contact_submission_missing_required" time="0.103" /><testcase classname="backend.tests.test_contact_api.TestContactAPI" name="test_contact_submission_persisted" time="0.247" /></testsuite></testsuites>