<?xml version="1.0" encoding="utf-8"?><testsuites name="pytest tests"><testsuite name="pytest" errors="0" failures="0" skipped="0" tests="13" time="2.190" timestamp="2026-05-04T10:10:01.740539+00:00" hostname="agent-env-2dba69d4-5db0-4a66-b7e6-b47ca060ecf0"><testcase classname="backend.tests.test_admin_panel.TestAdminLogin" name="test_login_correct_password" time="0.199" /><testcase classname="backend.tests.test_admin_panel.TestAdminLogin" name="test_login_wrong_password" time="0.134" /><testcase classname="backend.tests.test_admin_panel.TestAdminLogin" name="test_login_empty_password" time="0.107" /><testcase classname="backend.tests.test_admin_panel.TestPublicSettings" name="test_get_public_settings" time="0.139" /><testcase classname="backend.tests.test_admin_panel.TestAdminSettings" name="test_get_settings_requires_auth" time="0.156" /><testcase classname="backend.tests.test_admin_panel.TestAdminSettings" name="test_get_settings_with_auth" time="0.244" /><testcase classname="backend.tests.test_admin_panel.TestAdminSettings" name="test_update_settings" time="0.316" /><testcase classname="backend.tests.test_admin_panel.TestAdminSettings" name="test_restore_settings" time="0.125" /><testcase classname="backend.tests.test_admin_panel.TestAdminContacts" name="test_get_contacts_requires_auth" time="0.110" /><testcase classname="backend.tests.test_admin_panel.TestAdminContacts" name="test_get_contacts_with_auth" time="0.104" /><testcase classname="backend.tests.test_admin_panel.TestAdminContacts" name="test_contact_submission_and_retrieve" time="0.267" /><testcase classname="backend.tests.test_admin_panel.TestCalendarStatus" name="test_calendar_status" time="0.099" /><testcase classname="backend.tests.test_admin_panel.TestCalendarStatus" name="test_calendar_status_requires_auth" time="0.107" /></testsuite></testsuites>